<?xml version="1.0" encoding="UTF-8"?>
<testsuite xmlns:xsi="http://www.w3.org/2001/XMLSchema-instance" xsi:noNamespaceSchemaLocation="https://maven.apache.org/surefire/maven-surefire-plugin/xsd/surefire-test-report.xsd" name="me.happy.queue.server.test.PositionTest" time="1.563" tests="2" errors="0" skipped="0" failures="0">
  <properties>
[...]
</properties>
  <testcase name="testPriorityPosition" classname="me.happy.queue.server.test.PositionTest" time="1.558"/>
  <testcase name="testSamePriorityPosition" classname="me.happy.queue.server.test.PositionTest" time="0"/>
</testsuite>